Vivado Simulator 2019.2
Time resolution is 1 ps
$finish called at time : 150 ns : File "/home/hunter/Documents/C/COAD/lab9/project_1.srcs/sim_1/new/test.v" Line 63
Stopped at time : 0 fs : File "/home/hunter/Documents/C/COAD/lab9/project_1.srcs/sources_1/new/register.v" Line 36
Stopped at time : 0 fs : File "/home/hunter/Documents/C/COAD/lab9/project_1.srcs/sources_1/new/register.v" Line 34
Stopped at time : 0 fs : File "/home/hunter/Documents/C/COAD/lab9/project_1.sim/sim_1/behav/xsim/glbl.v" Line 52
Stopped at time : 0 fs : File "/home/hunter/Documents/C/COAD/lab9/project_1.sim/sim_1/behav/xsim/glbl.v" Line 53
Stopped at time : 0 fs : File "/home/hunter/Documents/C/COAD/lab9/project_1.sim/sim_1/behav/xsim/glbl.v" Line 54
Stopped at time : 0 fs : File "/home/hunter/Documents/C/COAD/lab9/project_1.sim/sim_1/behav/xsim/glbl.v" Line 17
Stopped at time : 0 fs : File "/home/hunter/Documents/C/COAD/lab9/project_1.srcs/sim_1/new/test.v" Line 11
Stopped at time : 0 fs : File "/home/hunter/Documents/C/COAD/lab9/project_1.srcs/sim_1/new/test.v" Line 12
Stopped at time : 0 fs : File "/home/hunter/Documents/C/COAD/lab9/project_1.srcs/sim_1/new/test.v" Line 13
Stopped at time : 0 fs : File "/home/hunter/Documents/C/COAD/lab9/project_1.srcs/sim_1/new/test.v" Line 14
Stopped at time : 0 fs : File "/home/hunter/Documents/C/COAD/lab9/project_1.srcs/sim_1/new/test.v" Line 15
Stopped at time : 0 fs : File "/home/hunter/Documents/C/COAD/lab9/project_1.srcs/sim_1/new/test.v" Line 16
Stopped at time : 0 fs : File "/home/hunter/Documents/C/COAD/lab9/project_1.srcs/sim_1/new/test.v" Line 17
Stopped at time : 0 fs : File "/home/hunter/Documents/C/COAD/lab9/project_1.sim/sim_1/behav/xsim/glbl.v" Line 42
Stopped at time : 0 fs : File "/home/hunter/Documents/C/COAD/lab9/project_1.sim/sim_1/behav/xsim/glbl.v" Line 43
Stopped at time : 0 fs : File "/home/hunter/Documents/C/COAD/lab9/project_1.sim/sim_1/behav/xsim/glbl.v" Line 44
Stopped at time : 0 fs : File "/home/hunter/Documents/C/COAD/lab9/project_1.sim/sim_1/behav/xsim/glbl.v" Line 45
Stopped at time : 0 fs : File "/home/hunter/Documents/C/COAD/lab9/project_1.sim/sim_1/behav/xsim/glbl.v" Line 47
Stopped at time : 0 fs : File "/home/hunter/Documents/C/COAD/lab9/project_1.sim/sim_1/behav/xsim/glbl.v" Line 48
Stopped at time : 0 fs : File "/home/hunter/Documents/C/COAD/lab9/project_1.sim/sim_1/behav/xsim/glbl.v" Line 49
Stopped at time : 0 fs : File "/home/hunter/Documents/C/COAD/lab9/project_1.sim/sim_1/behav/xsim/glbl.v" Line 50
Stopped at time : 0 fs : File "/home/hunter/Documents/C/COAD/lab9/project_1.srcs/sim_1/new/test.v" Line 26
Stopped at time : 0 fs : File "/home/hunter/Documents/C/COAD/lab9/project_1.srcs/sim_1/new/test.v" Line 26
Stopped at time : 0 fs : File "/home/hunter/Documents/C/COAD/lab9/project_1.srcs/sim_1/new/test.v" Line 46
Stopped at time : 0 fs : File "/home/hunter/Documents/C/COAD/lab9/project_1.sim/sim_1/behav/xsim/glbl.v" Line 57
Stopped at time : 0 fs : File "/home/hunter/Documents/C/COAD/lab9/project_1.sim/sim_1/behav/xsim/glbl.v" Line 58
Stopped at time : 0 fs : File "/home/hunter/Documents/C/COAD/lab9/project_1.sim/sim_1/behav/xsim/glbl.v" Line 59
Stopped at time : 0 fs : File "/home/hunter/Documents/C/COAD/lab9/project_1.sim/sim_1/behav/xsim/glbl.v" Line 65
Stopped at time : 0 fs : File "/home/hunter/Documents/C/COAD/lab9/project_1.sim/sim_1/behav/xsim/glbl.v" Line 66
Stopped at time : 0 fs : File "/home/hunter/Documents/C/COAD/lab9/project_1.srcs/sources_1/new/register.v" Line 34
Stopped at time : 0 fs : File "/home/hunter/Documents/C/COAD/lab9/project_1.sim/sim_1/behav/xsim/glbl.v" Line 52
Stopped at time : 0 fs : File "/home/hunter/Documents/C/COAD/lab9/project_1.sim/sim_1/behav/xsim/glbl.v" Line 54
Stopped at time : 0 fs : File "/home/hunter/Documents/C/COAD/lab9/project_1.sim/sim_1/behav/xsim/glbl.v" Line 53
Stopped at time : 0 fs : File "/home/hunter/Documents/C/COAD/lab9/project_1.sim/sim_1/behav/xsim/glbl.v" Line 67
Stopped at time : 0 fs : File "/home/hunter/Documents/C/COAD/lab9/project_1.sim/sim_1/behav/xsim/glbl.v" Line 53
Stopped at time : 5 ns : File "/home/hunter/Documents/C/COAD/lab9/project_1.srcs/sim_1/new/test.v" Line 26
Stopped at time : 5 ns : File "/home/hunter/Documents/C/COAD/lab9/project_1.srcs/sim_1/new/test.v" Line 26
Stopped at time : 5 ns : File "/home/hunter/Documents/C/COAD/lab9/project_1.srcs/sim_1/new/test.v" Line 26
Stopped at time : 5 ns : File "/home/hunter/Documents/C/COAD/lab9/project_1.srcs/sources_1/new/register.v" Line 37
Stopped at time : 5 ns : File "/home/hunter/Documents/C/COAD/lab9/project_1.srcs/sources_1/new/register.v" Line 72
Stopped at time : 5 ns : File "/home/hunter/Documents/C/COAD/lab9/project_1.srcs/sources_1/new/register.v" Line 73
Stopped at time : 5 ns : File "/home/hunter/Documents/C/COAD/lab9/project_1.srcs/sources_1/new/register.v" Line 74
Stopped at time : 5 ns : File "/home/hunter/Documents/C/COAD/lab9/project_1.srcs/sources_1/new/register.v" Line 36
Stopped at time : 10 ns : File "/home/hunter/Documents/C/COAD/lab9/project_1.srcs/sim_1/new/test.v" Line 46
Stopped at time : 10 ns : File "/home/hunter/Documents/C/COAD/lab9/project_1.srcs/sim_1/new/test.v" Line 47
Stopped at time : 10 ns : File "/home/hunter/Documents/C/COAD/lab9/project_1.srcs/sim_1/new/test.v" Line 26
Stopped at time : 10 ns : File "/home/hunter/Documents/C/COAD/lab9/project_1.srcs/sim_1/new/test.v" Line 26
Stopped at time : 10 ns : File "/home/hunter/Documents/C/COAD/lab9/project_1.srcs/sim_1/new/test.v" Line 26
Stopped at time : 10 ns : File "/home/hunter/Documents/C/COAD/lab9/project_1.srcs/sources_1/new/register.v" Line 34
Stopped at time : 10 ns : File "/home/hunter/Documents/C/COAD/lab9/project_1.srcs/sources_1/new/register.v" Line 37
Stopped at time : 10 ns : File "/home/hunter/Documents/C/COAD/lab9/project_1.srcs/sources_1/new/register.v" Line 38
Stopped at time : 10 ns : File "/home/hunter/Documents/C/COAD/lab9/project_1.srcs/sources_1/new/register.v" Line 39
Stopped at time : 10 ns : File "/home/hunter/Documents/C/COAD/lab9/project_1.srcs/sources_1/new/register.v" Line 40
Stopped at time : 10 ns : File "/home/hunter/Documents/C/COAD/lab9/project_1.srcs/sources_1/new/register.v" Line 41
Stopped at time : 10 ns : File "/home/hunter/Documents/C/COAD/lab9/project_1.srcs/sources_1/new/register.v" Line 42
Stopped at time : 10 ns : File "/home/hunter/Documents/C/COAD/lab9/project_1.srcs/sources_1/new/register.v" Line 43
Stopped at time : 10 ns : File "/home/hunter/Documents/C/COAD/lab9/project_1.srcs/sources_1/new/register.v" Line 44
Stopped at time : 10 ns : File "/home/hunter/Documents/C/COAD/lab9/project_1.srcs/sources_1/new/register.v" Line 45
Stopped at time : 10 ns : File "/home/hunter/Documents/C/COAD/lab9/project_1.srcs/sources_1/new/register.v" Line 46
Stopped at time : 10 ns : File "/home/hunter/Documents/C/COAD/lab9/project_1.srcs/sources_1/new/register.v" Line 47
Stopped at time : 10 ns : File "/home/hunter/Documents/C/COAD/lab9/project_1.srcs/sources_1/new/register.v" Line 48
Stopped at time : 10 ns : File "/home/hunter/Documents/C/COAD/lab9/project_1.srcs/sources_1/new/register.v" Line 49
Stopped at time : 10 ns : File "/home/hunter/Documents/C/COAD/lab9/project_1.srcs/sources_1/new/register.v" Line 50
Stopped at time : 10 ns : File "/home/hunter/Documents/C/COAD/lab9/project_1.srcs/sources_1/new/register.v" Line 51
Stopped at time : 10 ns : File "/home/hunter/Documents/C/COAD/lab9/project_1.srcs/sources_1/new/register.v" Line 52
Stopped at time : 10 ns : File "/home/hunter/Documents/C/COAD/lab9/project_1.srcs/sources_1/new/register.v" Line 53
Stopped at time : 10 ns : File "/home/hunter/Documents/C/COAD/lab9/project_1.srcs/sources_1/new/register.v" Line 54
Stopped at time : 10 ns : File "/home/hunter/Documents/C/COAD/lab9/project_1.srcs/sources_1/new/register.v" Line 55
Stopped at time : 10 ns : File "/home/hunter/Documents/C/COAD/lab9/project_1.srcs/sources_1/new/register.v" Line 56
Stopped at time : 10 ns : File "/home/hunter/Documents/C/COAD/lab9/project_1.srcs/sources_1/new/register.v" Line 57
Stopped at time : 10 ns : File "/home/hunter/Documents/C/COAD/lab9/project_1.srcs/sources_1/new/register.v" Line 58
Stopped at time : 10 ns : File "/home/hunter/Documents/C/COAD/lab9/project_1.srcs/sources_1/new/register.v" Line 59
Stopped at time : 10 ns : File "/home/hunter/Documents/C/COAD/lab9/project_1.srcs/sources_1/new/register.v" Line 60
Stopped at time : 10 ns : File "/home/hunter/Documents/C/COAD/lab9/project_1.srcs/sources_1/new/register.v" Line 61
Stopped at time : 10 ns : File "/home/hunter/Documents/C/COAD/lab9/project_1.srcs/sources_1/new/register.v" Line 62
Stopped at time : 10 ns : File "/home/hunter/Documents/C/COAD/lab9/project_1.srcs/sources_1/new/register.v" Line 63
Stopped at time : 10 ns : File "/home/hunter/Documents/C/COAD/lab9/project_1.srcs/sources_1/new/register.v" Line 64
Stopped at time : 10 ns : File "/home/hunter/Documents/C/COAD/lab9/project_1.srcs/sources_1/new/register.v" Line 65
Stopped at time : 10 ns : File "/home/hunter/Documents/C/COAD/lab9/project_1.srcs/sources_1/new/register.v" Line 66
Stopped at time : 10 ns : File "/home/hunter/Documents/C/COAD/lab9/project_1.srcs/sources_1/new/register.v" Line 67
Stopped at time : 10 ns : File "/home/hunter/Documents/C/COAD/lab9/project_1.srcs/sources_1/new/register.v" Line 68
Stopped at time : 10 ns : File "/home/hunter/Documents/C/COAD/lab9/project_1.srcs/sources_1/new/register.v" Line 69
Stopped at time : 10 ns : File "/home/hunter/Documents/C/COAD/lab9/project_1.srcs/sources_1/new/register.v" Line 36
Stopped at time : 15 ns : File "/home/hunter/Documents/C/COAD/lab9/project_1.srcs/sim_1/new/test.v" Line 26
Stopped at time : 15 ns : File "/home/hunter/Documents/C/COAD/lab9/project_1.srcs/sim_1/new/test.v" Line 26
Stopped at time : 15 ns : File "/home/hunter/Documents/C/COAD/lab9/project_1.srcs/sim_1/new/test.v" Line 26
Stopped at time : 15 ns : File "/home/hunter/Documents/C/COAD/lab9/project_1.srcs/sources_1/new/register.v" Line 37
Stopped at time : 15 ns : File "/home/hunter/Documents/C/COAD/lab9/project_1.srcs/sources_1/new/register.v" Line 38
Stopped at time : 15 ns : File "/home/hunter/Documents/C/COAD/lab9/project_1.srcs/sources_1/new/register.v" Line 39
Stopped at time : 15 ns : File "/home/hunter/Documents/C/COAD/lab9/project_1.srcs/sources_1/new/register.v" Line 40
Stopped at time : 15 ns : File "/home/hunter/Documents/C/COAD/lab9/project_1.srcs/sources_1/new/register.v" Line 41
Stopped at time : 15 ns : File "/home/hunter/Documents/C/COAD/lab9/project_1.srcs/sources_1/new/register.v" Line 42
Stopped at time : 15 ns : File "/home/hunter/Documents/C/COAD/lab9/project_1.srcs/sources_1/new/register.v" Line 43
Stopped at time : 15 ns : File "/home/hunter/Documents/C/COAD/lab9/project_1.srcs/sources_1/new/register.v" Line 44
Stopped at time : 15 ns : File "/home/hunter/Documents/C/COAD/lab9/project_1.srcs/sources_1/new/register.v" Line 45
Stopped at time : 15 ns : File "/home/hunter/Documents/C/COAD/lab9/project_1.srcs/sources_1/new/register.v" Line 46
Stopped at time : 15 ns : File "/home/hunter/Documents/C/COAD/lab9/project_1.srcs/sources_1/new/register.v" Line 47
Stopped at time : 15 ns : File "/home/hunter/Documents/C/COAD/lab9/project_1.srcs/sources_1/new/register.v" Line 48
Stopped at time : 15 ns : File "/home/hunter/Documents/C/COAD/lab9/project_1.srcs/sources_1/new/register.v" Line 49
Stopped at time : 15 ns : File "/home/hunter/Documents/C/COAD/lab9/project_1.srcs/sources_1/new/register.v" Line 50
Stopped at time : 15 ns : File "/home/hunter/Documents/C/COAD/lab9/project_1.srcs/sources_1/new/register.v" Line 51
Stopped at time : 15 ns : File "/home/hunter/Documents/C/COAD/lab9/project_1.srcs/sources_1/new/register.v" Line 52
Stopped at time : 15 ns : File "/home/hunter/Documents/C/COAD/lab9/project_1.srcs/sources_1/new/register.v" Line 53
Stopped at time : 15 ns : File "/home/hunter/Documents/C/COAD/lab9/project_1.srcs/sources_1/new/register.v" Line 54
Stopped at time : 15 ns : File "/home/hunter/Documents/C/COAD/lab9/project_1.srcs/sources_1/new/register.v" Line 55
Stopped at time : 15 ns : File "/home/hunter/Documents/C/COAD/lab9/project_1.srcs/sources_1/new/register.v" Line 56
Stopped at time : 15 ns : File "/home/hunter/Documents/C/COAD/lab9/project_1.srcs/sources_1/new/register.v" Line 57
Stopped at time : 15 ns : File "/home/hunter/Documents/C/COAD/lab9/project_1.srcs/sources_1/new/register.v" Line 58
Stopped at time : 15 ns : File "/home/hunter/Documents/C/COAD/lab9/project_1.srcs/sources_1/new/register.v" Line 59
Stopped at time : 15 ns : File "/home/hunter/Documents/C/COAD/lab9/project_1.srcs/sources_1/new/register.v" Line 60
Stopped at time : 15 ns : File "/home/hunter/Documents/C/COAD/lab9/project_1.srcs/sources_1/new/register.v" Line 61
Stopped at time : 15 ns : File "/home/hunter/Documents/C/COAD/lab9/project_1.srcs/sources_1/new/register.v" Line 62
Stopped at time : 15 ns : File "/home/hunter/Documents/C/COAD/lab9/project_1.srcs/sources_1/new/register.v" Line 63
Stopped at time : 15 ns : File "/home/hunter/Documents/C/COAD/lab9/project_1.srcs/sources_1/new/register.v" Line 64
Stopped at time : 15 ns : File "/home/hunter/Documents/C/COAD/lab9/project_1.srcs/sources_1/new/register.v" Line 65
Stopped at time : 15 ns : File "/home/hunter/Documents/C/COAD/lab9/project_1.srcs/sources_1/new/register.v" Line 66
Stopped at time : 15 ns : File "/home/hunter/Documents/C/COAD/lab9/project_1.srcs/sources_1/new/register.v" Line 67
Stopped at time : 15 ns : File "/home/hunter/Documents/C/COAD/lab9/project_1.srcs/sources_1/new/register.v" Line 68
Stopped at time : 15 ns : File "/home/hunter/Documents/C/COAD/lab9/project_1.srcs/sources_1/new/register.v" Line 69
Stopped at time : 15 ns : File "/home/hunter/Documents/C/COAD/lab9/project_1.srcs/sources_1/new/register.v" Line 36
Stopped at time : 20 ns : File "/home/hunter/Documents/C/COAD/lab9/project_1.srcs/sim_1/new/test.v" Line 48
Stopped at time : 20 ns : File "/home/hunter/Documents/C/COAD/lab9/project_1.srcs/sim_1/new/test.v" Line 49
Stopped at time : 20 ns : File "/home/hunter/Documents/C/COAD/lab9/project_1.srcs/sim_1/new/test.v" Line 50
Stopped at time : 20 ns : File "/home/hunter/Documents/C/COAD/lab9/project_1.srcs/sim_1/new/test.v" Line 51
Stopped at time : 20 ns : File "/home/hunter/Documents/C/COAD/lab9/project_1.srcs/sim_1/new/test.v" Line 53
Stopped at time : 20 ns : File "/home/hunter/Documents/C/COAD/lab9/project_1.srcs/sim_1/new/test.v" Line 26
Stopped at time : 20 ns : File "/home/hunter/Documents/C/COAD/lab9/project_1.srcs/sim_1/new/test.v" Line 26
Stopped at time : 20 ns : File "/home/hunter/Documents/C/COAD/lab9/project_1.srcs/sim_1/new/test.v" Line 26
Stopped at time : 20 ns : File "/home/hunter/Documents/C/COAD/lab9/project_1.srcs/sources_1/new/register.v" Line 34
Stopped at time : 25 ns : File "/home/hunter/Documents/C/COAD/lab9/project_1.srcs/sim_1/new/test.v" Line 26
Stopped at time : 25 ns : File "/home/hunter/Documents/C/COAD/lab9/project_1.srcs/sim_1/new/test.v" Line 26
Stopped at time : 25 ns : File "/home/hunter/Documents/C/COAD/lab9/project_1.srcs/sim_1/new/test.v" Line 26
Stopped at time : 25 ns : File "/home/hunter/Documents/C/COAD/lab9/project_1.srcs/sources_1/new/register.v" Line 37
Stopped at time : 25 ns : File "/home/hunter/Documents/C/COAD/lab9/project_1.srcs/sources_1/new/register.v" Line 72
Stopped at time : 25 ns : File "/home/hunter/Documents/C/COAD/lab9/project_1.srcs/sources_1/new/register.v" Line 73
Stopped at time : 25 ns : File "/home/hunter/Documents/C/COAD/lab9/project_1.srcs/sources_1/new/register.v" Line 74
Stopped at time : 25 ns : File "/home/hunter/Documents/C/COAD/lab9/project_1.srcs/sources_1/new/register.v" Line 36
Stopped at time : 30 ns : File "/home/hunter/Documents/C/COAD/lab9/project_1.srcs/sim_1/new/test.v" Line 26
Stopped at time : 30 ns : File "/home/hunter/Documents/C/COAD/lab9/project_1.srcs/sim_1/new/test.v" Line 26
Stopped at time : 30 ns : File "/home/hunter/Documents/C/COAD/lab9/project_1.srcs/sim_1/new/test.v" Line 26
Stopped at time : 35 ns : File "/home/hunter/Documents/C/COAD/lab9/project_1.srcs/sim_1/new/test.v" Line 26
$finish called at time : 150 ns : File "/home/hunter/Documents/C/COAD/lab9/project_1.srcs/sim_1/new/test.v" Line 63
